  controls.cpp
  modelLoader.cpp
C:\Program Files (x86)\Windows Kits\10\Include\10.0.18362.0\shared\minwindef.h(130,1): warning C4005:  'APIENTRY': macro redefinition
C:\Users\jwilliams8\source\repos\jackw3434\modelLoaderr\packages\nupengl.core.0.1.0.1\build\native\include\GLFW\glfw3.h(92): message :  see previous definition of 'APIENTRY'
C:\Users\jwilliams8\source\repos\jackw3434\modelLoaderr\modelLoader\modelLoader.cpp(158,39): warning C4267:  'initializing': conversion from 'size_t' to 'int', possible loss of data
C:\Users\jwilliams8\source\repos\jackw3434\modelLoaderr\modelLoader\modelLoader.cpp(161,12): warning C4244:  'argument': conversion from 'time_t' to 'unsigned int', possible loss of data
C:\Users\jwilliams8\source\repos\jackw3434\modelLoaderr\modelLoader\modelLoader.cpp(348,58): warning C4267:  'argument': conversion from 'size_t' to 'GLsizei', possible loss of data
C:\Users\jwilliams8\source\repos\jackw3434\modelLoaderr\modelLoader\modelLoader.cpp(372,58): warning C4267:  'argument': conversion from 'size_t' to 'GLsizei', possible loss of data
C:\Users\jwilliams8\source\repos\jackw3434\modelLoaderr\modelLoader\modelLoader.cpp(383,16): warning C4244:  'initializing': conversion from 'float' to 'int', possible loss of data
C:\Users\jwilliams8\source\repos\jackw3434\modelLoaderr\modelLoader\modelLoader.cpp(632,41): warning C4267:  'initializing': conversion from 'size_t' to 'int', possible loss of data
C:\Users\jwilliams8\source\repos\jackw3434\modelLoaderr\modelLoader\modelLoader.cpp(634,26): warning C4244:  'initializing': conversion from 'int' to 'float', possible loss of data
C:\Users\jwilliams8\source\repos\jackw3434\modelLoaderr\modelLoader\modelLoader.cpp(635,26): warning C4244:  'initializing': conversion from 'int' to 'float', possible loss of data
C:\Users\jwilliams8\source\repos\jackw3434\modelLoaderr\modelLoader\modelLoader.cpp(694,36): warning C4267:  'initializing': conversion from 'size_t' to 'int', possible loss of data
C:\Users\jwilliams8\source\repos\jackw3434\modelLoaderr\modelLoader\modelLoader.cpp(696,21): warning C4244:  'initializing': conversion from 'int' to 'float', possible loss of data
  objloader.cpp
C:\Users\jwilliams8\source\repos\jackw3434\modelLoaderr\modelLoader\modelLoader.cpp(697,21): warning C4244:  'initializing': conversion from 'int' to 'float', possible loss of data
  shader.cpp
  shader.hpp
  Generating Code...
C:\Users\jwilliams8\source\repos\jackw3434\modelLoaderr\modelLoader\objloader.cpp(203,26): warning C4267:  '=': conversion from 'size_t' to 'int', possible loss of data
x64\Debug\shader.obj : warning LNK4042: object specified more than once; extras ignored
  modelLoader.vcxproj -> C:\Users\jwilliams8\Source\Repos\jackw3434\modelLoaderr\x64\Debug\modelLoader.exe
